ASxxxx Assembler V02.00 + NoICE + SDCC mods  (Zilog Z80 / Hitachi HD64180), page 1.
Hexadecimal [16-Bits]



   0000                       1 _sprite_player01:
   0000 00 FF                 2    .dw #0xFF00
   0002 FF FF                 3    .dw #0xFFFF
   0004 FF 00                 4    .dw #0x00FF
   0006 00 FF                 5    .dw #0xFF00
   0008 FF FF                 6    .dw #0xFFFF
   000A FF 00                 7    .dw #0x00FF
   000C 00 FF                 8    .dw #0xFF00
   000E FF FF                 9    .dw #0xFFFF
   0010 FF 00                10    .dw #0x00FF
   0012 00 FF                11    .dw #0xFF00
   0014 FF FF                12    .dw #0xFFFF
   0016 FF 00                13    .dw #0x00FF
   0018 00 FF                14    .dw #0xFF00
   001A FF FF                15    .dw #0xFFFF
   001C FF 00                16    .dw #0x00FF
   001E 00 FF                17    .dw #0xFF00
   0020 FF FF                18    .dw #0xFFFF
   0022 FF 00                19    .dw #0x00FF
   0024 00 FF                20    .dw #0xFF00
   0026 FF FF                21    .dw #0xFFFF
   0028 FF 00                22    .dw #0x00FF
   002A 00 FF                23    .dw #0xFF00
   002C FF FF                24    .dw #0xFFFF
   002E FF 00                25    .dw #0x00FF
                             26 
   0030                      27 _sprite_player02:
   0030 00 EE                28    .dw #0xEE00
   0032 EE EE                29    .dw #0xEEEE
   0034 EE 00                30    .dw #0x00EE
   0036 00 EE                31    .dw #0xEE00
   0038 EE EE                32    .dw #0xEEEE
   003A EE 00                33    .dw #0x00EE
   003C 00 EE                34    .dw #0xEE00
   003E EE EE                35    .dw #0xEEEE
   0040 EE 00                36    .dw #0x00EE
   0042 00 EE                37    .dw #0xEE00
   0044 EE EE                38    .dw #0xEEEE
   0046 EE 00                39    .dw #0x00EE
   0048 00 EE                40    .dw #0xEE00
   004A EE EE                41    .dw #0xEEEE
   004C EE 00                42    .dw #0x00EE
   004E 00 EE                43    .dw #0xEE00
   0050 EE EE                44    .dw #0xEEEE
   0052 EE 00                45    .dw #0x00EE
   0054 00 EE                46    .dw #0xEE00
   0056 EE EE                47    .dw #0xEEEE
   0058 EE 00                48    .dw #0x00EE
   005A 00 EE                49    .dw #0xEE00
   005C EE EE                50    .dw #0xEEEE
   005E EE 00                51    .dw #0x00EE
                             52 
                             53 
                             54 
   0060                      55 _sprite_mothership:
ASxxxx Assembler V02.00 + NoICE + SDCC mods  (Zilog Z80 / Hitachi HD64180), page 2.
Hexadecimal [16-Bits]



   0060 00 FF                56    .dw #0xFF00
   0062 FF 00                57    .dw #0x00FF
   0064 00 FF                58    .dw #0xFF00
   0066 FF 00                59    .dw #0x00FF
   0068 00 FF                60    .dw #0xFF00
   006A FF 00                61    .dw #0x00FF
   006C 00 FF                62    .dw #0xFF00
   006E FF 00                63    .dw #0x00FF
   0070 00 FF                64    .dw #0xFF00
   0072 FF 00                65    .dw #0x00FF
   0074 00 FF                66    .dw #0xFF00
   0076 FF 00                67    .dw #0x00FF
                             68 
   0078                      69 _sprite_enemy:
   0078 00 FF                70    .dw #0xFF00
   007A FF FF                71    .dw #0xFFFF
   007C FF 00                72    .dw #0x00FF
   007E 00 FF                73    .dw #0xFF00
   0080 FF FF                74    .dw #0xFFFF
   0082 FF 00                75    .dw #0x00FF
   0084 00 FF                76    .dw #0xFF00
   0086 FF FF                77    .dw #0xFFFF
   0088 FF 00                78    .dw #0x00FF
   008A 00 FF                79    .dw #0xFF00
   008C FF FF                80    .dw #0xFFFF
   008E FF 00                81    .dw #0x00FF
   0090 00 FF                82    .dw #0xFF00
   0092 FF FF                83    .dw #0xFFFF
   0094 FF 00                84    .dw #0x00FF
   0096 00 FF                85    .dw #0xFF00
   0098 FF FF                86    .dw #0xFFFF
   009A FF 00                87    .dw #0x00FF
                             88 
   009C                      89 _sprite_shot:
   009C FF FF                90    .dw #0xFFFF
   009E FF FF                91    .dw #0xFFFF
   00A0 FF FF                92    .dw #0xFFFF
   00A2 FF FF                93    .dw #0xFFFF
